<?xml version="1.0" encoding="UTF-8"?>
<!-- Generated by org.testng.reporters.JUnitReportReporter -->
<testsuite hostname="Gulshan" failures="0" tests="1" name="org.zasya.AutoPractice.ErrorMessage" time="9.610" errors="0" timestamp="2025-08-05T12:00:23 IST" skipped="0">
  <testcase classname="org.zasya.AutoPractice.ErrorMessage" name="submitOrder" time="9.610"/>
</testsuite> <!-- org.zasya.AutoPractice.ErrorMessage -->
